<?xml version="1.0" encoding="UTF-8"?>
<!-- Generated by org.testng.reporters.JUnitReportReporter -->
<testsuite skipped="0" hostname="xilp-ind-3211" name="com.amazon.qa.testcases.HomePageTest" tests="2" failures="0" timestamp="04 Jun 2019 08:54:02 GMT" time="30.617" errors="0">
  <testcase name="VerifySelectedOptionSearch" time="16.310" classname="com.amazon.qa.testcases.HomePageTest"/>
  <testcase name="VerifyLogoTest" time="14.307" classname="com.amazon.qa.testcases.HomePageTest"/>
</testsuite> <!-- com.amazon.qa.testcases.HomePageTest -->
