<?xml version="1.0" encoding="UTF-8"?>
<!-- Generated by org.testng.reporters.JUnitReportReporter -->
<testsuite skipped="0" hostname="xilp-ind-3211" name="com.amazon.qa.testcases.SearchResultPageTest" tests="1" failures="0" timestamp="11 Jun 2019 03:33:10 GMT" time="20.791" errors="0">
  <testcase name="verifyresultsautosuggestionoptiontest" time="20.791" classname="com.amazon.qa.testcases.SearchResultPageTest"/>
</testsuite> <!-- com.amazon.qa.testcases.SearchResultPageTest -->
