<?xml version="1.0" encoding="UTF-8"?>
<!-- Generated by org.testng.reporters.JUnitReportReporter -->
<testsuite skipped="0" hostname="xilp-ind-3211" name="com.amazon.qa.testcases.HomePageTest" tests="1" failures="0" timestamp="11 Jun 2019 08:18:19 GMT" time="23.002" errors="0">
  <testcase name="switchtotabtest" time="23.002" classname="com.amazon.qa.testcases.HomePageTest"/>
</testsuite> <!-- com.amazon.qa.testcases.HomePageTest -->
