<?xml version="1.0" encoding="UTF-8"?>
<!-- Generated by org.testng.reporters.JUnitReportReporter -->
<testsuite skipped="0" hostname="xilp-ind-3211" name="com.amazon.qa.testcases.CartPageTest" tests="1" failures="0" timestamp="07 Jun 2019 06:12:46 GMT" time="91.640" errors="0">
  <testcase name="verifyemptycart" time="91.640" classname="com.amazon.qa.testcases.CartPageTest"/>
</testsuite> <!-- com.amazon.qa.testcases.CartPageTest -->
