<?xml version="1.0" encoding="UTF-8"?>
<!-- Generated by org.testng.reporters.JUnitReportReporter -->
<testsuite skipped="0" hostname="xilp-ind-3211" name="com.amazon.qa.testcases.LoginPageTest" tests="1" failures="0" timestamp="06 Jun 2019 08:46:26 GMT" time="28.070" errors="0">
  <testcase name="VerifySignin" time="28.070" classname="com.amazon.qa.testcases.LoginPageTest"/>
</testsuite> <!-- com.amazon.qa.testcases.LoginPageTest -->
