<?xml version="1.0" encoding="UTF-8"?>
<!-- Generated by org.testng.reporters.JUnitReportReporter -->
<testsuite skipped="1" hostname="xilp-ind-3211" name="com.amazon.qa.testcases.LoginPageTest" tests="1" failures="0" timestamp="09 Jun 2019 06:53:49 GMT" time="0.000" errors="0">
  <testcase name="VerifyLogin" time="0.000" classname="com.amazon.qa.testcases.LoginPageTest">
    <skipped/>
  </testcase> <!-- VerifyLogin -->
</testsuite> <!-- com.amazon.qa.testcases.LoginPageTest -->
