<?xml version="1.0" encoding="UTF-8"?>
<!-- Generated by org.testng.reporters.JUnitReportReporter -->
<testsuite skipped="0" hostname="xilp-ind-3211" name="com.amazon.qa.util.loginandsearchforaproduct" tests="1" failures="0" timestamp="06 Jun 2019 09:51:21 GMT" time="39.644" errors="0">
  <testcase name="loginandsearch" time="39.644" classname="com.amazon.qa.util.loginandsearchforaproduct"/>
</testsuite> <!-- com.amazon.qa.util.loginandsearchforaproduct -->
